Determining if the function sgemm_ exists failed with the following output:
Change Dir: /home/lume/Documents/learning/charuco_diamond/mixed/build/CMakeFiles/CMakeTmp

Run Build Command(s):/usr/bin/make cmTC_dc57d/fast && /usr/bin/make -f CMakeFiles/cmTC_dc57d.dir/build.make CMakeFiles/cmTC_dc57d.dir/build
make[1]: Entering directory '/home/lume/Documents/learning/charuco_diamond/mixed/build/CMakeFiles/CMakeTmp'
Building C object CMakeFiles/cmTC_dc57d.dir/CheckFunctionExists.c.o
/usr/bin/cc   -DCHECK_FUNCTION_EXISTS=sgemm_   -o CMakeFiles/cmTC_dc57d.dir/CheckFunctionExists.c.o   -c /usr/share/cmake-3.16/Modules/CheckFunctionExists.c
Linking C executable cmTC_dc57d
/usr/bin/cmake -E cmake_link_script CMakeFiles/cmTC_dc57d.dir/link.txt --verbose=1
/usr/bin/cc  -DCHECK_FUNCTION_EXISTS=sgemm_    -rdynamic CMakeFiles/cmTC_dc57d.dir/CheckFunctionExists.c.o  -o cmTC_dc57d 
/usr/bin/ld: CMakeFiles/cmTC_dc57d.dir/CheckFunctionExists.c.o: in function `main':
CheckFunctionExists.c:(.text+0x14): undefined reference to `sgemm_'
collect2: error: ld returned 1 exit status
make[1]: *** [CMakeFiles/cmTC_dc57d.dir/build.make:87: cmTC_dc57d] Error 1
make[1]: Leaving directory '/home/lume/Documents/learning/charuco_diamond/mixed/build/CMakeFiles/CMakeTmp'
make: *** [Makefile:121: cmTC_dc57d/fast] Error 2



Performing C SOURCE FILE Test CMAKE_HAVE_LIBC_PTHREAD failed with the following output:
Change Dir: /home/lume/Documents/learning/charuco_diamond/mixed/build/CMakeFiles/CMakeTmp

Run Build Command(s):/usr/bin/make cmTC_5ac89/fast && /usr/bin/make -f CMakeFiles/cmTC_5ac89.dir/build.make CMakeFiles/cmTC_5ac89.dir/build
make[1]: Entering directory '/home/lume/Documents/learning/charuco_diamond/mixed/build/CMakeFiles/CMakeTmp'
Building C object CMakeFiles/cmTC_5ac89.dir/src.c.o
/usr/bin/cc   -DCMAKE_HAVE_LIBC_PTHREAD   -o CMakeFiles/cmTC_5ac89.dir/src.c.o   -c /home/lume/Documents/learning/charuco_diamond/mixed/build/CMakeFiles/CMakeTmp/src.c
Linking C executable cmTC_5ac89
/usr/bin/cmake -E cmake_link_script CMakeFiles/cmTC_5ac89.dir/link.txt --verbose=1
/usr/bin/cc  -DCMAKE_HAVE_LIBC_PTHREAD    -rdynamic CMakeFiles/cmTC_5ac89.dir/src.c.o  -o cmTC_5ac89 
/usr/bin/ld: CMakeFiles/cmTC_5ac89.dir/src.c.o: in function `main':
src.c:(.text+0x46): undefined reference to `pthread_create'
/usr/bin/ld: src.c:(.text+0x52): undefined reference to `pthread_detach'
/usr/bin/ld: src.c:(.text+0x63): undefined reference to `pthread_join'
collect2: error: ld returned 1 exit status
make[1]: *** [CMakeFiles/cmTC_5ac89.dir/build.make:87: cmTC_5ac89] Error 1
make[1]: Leaving directory '/home/lume/Documents/learning/charuco_diamond/mixed/build/CMakeFiles/CMakeTmp'
make: *** [Makefile:121: cmTC_5ac89/fast] Error 2


Source file was:
#include <pthread.h>

void* test_func(void* data)
{
  return data;
}

int main(void)
{
  pthread_t thread;
  pthread_create(&thread, NULL, test_func, NULL);
  pthread_detach(thread);
  pthread_join(thread, NULL);
  pthread_atfork(NULL, NULL, NULL);
  pthread_exit(NULL);

  return 0;
}

Determining if the function pthread_create exists in the pthreads failed with the following output:
Change Dir: /home/lume/Documents/learning/charuco_diamond/mixed/build/CMakeFiles/CMakeTmp

Run Build Command(s):/usr/bin/make cmTC_5d71a/fast && /usr/bin/make -f CMakeFiles/cmTC_5d71a.dir/build.make CMakeFiles/cmTC_5d71a.dir/build
make[1]: Entering directory '/home/lume/Documents/learning/charuco_diamond/mixed/build/CMakeFiles/CMakeTmp'
Building C object CMakeFiles/cmTC_5d71a.dir/CheckFunctionExists.c.o
/usr/bin/cc   -DCHECK_FUNCTION_EXISTS=pthread_create   -o CMakeFiles/cmTC_5d71a.dir/CheckFunctionExists.c.o   -c /usr/share/cmake-3.16/Modules/CheckFunctionExists.c
Linking C executable cmTC_5d71a
/usr/bin/cmake -E cmake_link_script CMakeFiles/cmTC_5d71a.dir/link.txt --verbose=1
/usr/bin/cc  -DCHECK_FUNCTION_EXISTS=pthread_create    -rdynamic CMakeFiles/cmTC_5d71a.dir/CheckFunctionExists.c.o  -o cmTC_5d71a  -lpthreads 
/usr/bin/ld: cannot find -lpthreads
collect2: error: ld returned 1 exit status
make[1]: *** [CMakeFiles/cmTC_5d71a.dir/build.make:87: cmTC_5d71a] Error 1
make[1]: Leaving directory '/home/lume/Documents/learning/charuco_diamond/mixed/build/CMakeFiles/CMakeTmp'
make: *** [Makefile:121: cmTC_5d71a/fast] Error 2



