make all --print-data-base --no-builtin-variables --no-builtin-rules --question
# GNU Make 4.2.1
# Built for x86_64-pc-linux-gnu
# Copyright (C) 1988-2016 Free Software Foundation, Inc.
# License GPLv3+: GNU GPL version 3 or later <http://gnu.org/licenses/gpl.html>
# This is free software: you are free to change and redistribute it.
# There is NO WARRANTY, to the extent permitted by law.

# Make data base, printed on Thu Aug 18 16:02:10 2022

# Variables

# 'override' directive
GNUMAKEFLAGS := 
# automatic
<D = $(patsubst %/,%,$(dir $<))
# automatic
?F = $(notdir $?)
# environment
DESKTOP_SESSION = ubuntu
# environment
CARMEN_HOME = /home/lume/carmen_lcad
# default
.SHELLFLAGS := -c
# environment
 
XDG_SESSION_CLASS = user
# environment
XDG_SESSION_TYPE = x11
# automatic
?D = $(patsubst %/,%,$(dir $?))
# environment
IM_CONFIG_PHASE = 1
# automatic
@D = $(patsubst %/,%,$(dir $@))
# environment
XAUTHORITY = /run/user/1000/gdm/Xauthority
# environment
GDMSESSION = ubuntu
# environment
XMODIFIERS = @im=ibus
# makefile
CURDIR := /home/lume/Documents/learning/charuco_diamond
# makefile
SHELL = /bin/sh
# environment
VSCODE_NLS_CONFIG = {"locale":"en-us","availableLanguages":{},"_languagePackSupport":true}
# environment
_ = /usr/share/code/code
# makefile (from 'Makefile', line 14)
CFLAGS = -Wall -g `pkg-config --cflags opencv` -I/usr/local/cuda/include/ -I/usr/local/zed/include
# environment
GOOGLE_APPLICATION_CREDENTIALS = /home/lume/credentials/voice_interface_credentials.json
# environment
JOURNAL_STREAM = 8:50978
# environment
XDG_CONFIG_DIRS = /etc/xdg/xdg-ubuntu:/etc/xdg
# environment
DARKNET_HOME = /home/lume/carmen_lcad/sharedlib/darknet
# makefile (from 'Makefile', line 1)
MAKEFILE_LIST :=  Makefile
# environment
JAVA_HOME = /usr/lib/jvm/java-17-oracle
# automatic
@F = $(notdir $@)
# environment
GIO_LAUNCHED_DESKTOP_FILE = /usr/share/applications/code.desktop
# environment
USERNAME = lume
# environment
MAKELEVEL := 0
# environment
MANDATORY_PATH = /usr/share/gconf/ubuntu.mandatory.path
# environment
XDG_DATA_DIRS = /usr/share/ubuntu:/usr/local/share/:/usr/share/:/var/lib/snapd/desktop
# environment
DBUS_SESSION_BUS_ADDRESS = unix:path=/run/user/1000/bus
# environment
LC_CTYPE = pt_BR.UTF-8
# environment
SYSTEM = linux
# makefile (from 'Makefile', line 19)
OBJS = detect_diamonds_zed
# environment
MANAGERPID = 2320
# environment
LESSOPEN = | /usr/bin/lesspipe %s
# environment
LC_NAME = pt_BR.UTF-8
# environment
VSCODE_CWD = /home/lume
# default
MAKE_HOST := x86_64-pc-linux-gnu
# environment
PATH = /usr/local/sbin:/usr/local/bin:/usr/sbin:/usr/bin:/sbin:/bin:/usr/games:/usr/local/games:/snap/bin:/usr/local/cuda-11.0/bin:/usr/lib/jvm/java-17-oracle:/usr/lib/jvm/java-17-oracle/bin:/usr/lib/jvm/java-17-oracle/db/bin:/usr/lib/jvm/java-17-oracle/bin:/usr/lib/jvm/java-17-oracle/db/bin:/home/lume/carmen_lcad/bin:/home/lume/MAE/bin:/usr/local/cuda/bin:/home/lume/MAE/bin:/home/lume/AMPL/ampl.linux-intel64
# environment
GPG_AGENT_INFO = /run/user/1000/gnupg/S.gpg-agent:0:1
# environment
GJS_DEBUG_OUTPUT = stderr
# environment
SESSION_MANAGER = local/lume-h1:@/tmp/.ICE-unix/2588,unix/lume-h1:/tmp/.ICE-unix/2588
# environment
XDG_RUNTIME_DIR = /run/user/1000
# environment
XDG_MENU_PREFIX = gnome-
# environment
ELECTRON_RUN_AS_NODE = 1
# environment
INVOCATION_ID = efef528c5ae54344a73fd4057f855317
# makefile (from 'Makefile', line 15)
LDFLAGS = -lm -pthread `pkg-config --libs opencv` -L/usr/local/cuda/lib64 -lcuda -lcudart -lcublas -lcurand -L/usr/local/zed/lib -lsl_zed
# default
.FEATURES := target-specific order-only second-expansion else-if shortest-stem undefine oneshell archives jobserver output-sync check-symlink load
# environment
LS_COLORS = 
# environment
XDG_SESSION_DESKTOP = ubuntu
# environment
SSH_AUTH_SOCK = /run/user/1000/keyring/ssh
# environment
GIO_LAUNCHED_DESKTOP_FILE_PID = 4909
# automatic
%F = $(notdir $%)
# environment
DISPLAY = :1
# environment
PWD = /home/lume/Documents/learning/charuco_diamond
# environment
CUDA_LIBS = /usr/local/cuda/lib64
# default
.LOADED := 
# environment
SSH_AGENT_PID = 2550
# environment
PKG_CONFIG_PATH = :/usr/local/lib/pkgconfig
# environment
DARKNET2_HOME = /home/lume/carmen_lcad/sharedlib/darknet2
# environment
ORIGINAL_XDG_CURRENT_DESKTOP = ubuntu:GNOME
# environment
GTK_MODULES = gail:atk-bridge
# environment
VSCODE_AMD_ENTRYPOINT = vs/workbench/api/node/extensionHostProcess
# environment
HOME = /home/lume
# environment
LD_LIBRARY_PATH = /usr/local/cuda/extras/CUPTI/lib64:/home/lume/carmen_lcad/sharedlib/darknet2/lib:/home/lume/carmen_lcad/sharedlib/darknet/lib::/usr/local/lib:/usr/lib/x86_64-linux-gnu:/usr/lib/i386-linux-gnu/:/usr/lib/libkml:/home/lume/carmen_lcad/lib:/home/lume/carmen_lcad/sharedlib/OpenJAUS/libopenJaus/lib:/home/lume/carmen_lcad/sharedlib/OpenJAUS/libjaus/lib:/home/lume/carmen_lcad/sharedlib/OpenJAUS/ojTorc/lib:/home/lume/carmen_lcad/sharedlib/OpenJAUS/ojIARASim/lib:/home/lume/MAE/lib:/usr/local/cuda/lib64:/home/lume/carmen_lcad/packages_carmen/Porcupine/lib/linux/x86_64
# environment
LESSCLOSE = /usr/bin/lesspipe %s %s
# environment
J2REDIR = /usr/lib/jvm/java-17-oracle
# environment
VSCODE_CODE_CACHE_PATH = /home/lume/.config/Code/CachedData/3b889b090b5ad5793f524b5d1d39fda662b96a2a
# environment
LOGNAME = lume
# environment
APPLICATION_INSIGHTS_NO_DIAGNOSTIC_CHANNEL = 1
# automatic
+F = $(notdir $+)
# environment
J2SDKDIR = /usr/lib/jvm/java-17-oracle
# environment
VSCODE_HANDLES_UNCAUGHT_ERRORS = true
# environment
GNOME_DESKTOP_SESSION_ID = this-is-deprecated
# automatic
^D = $(patsubst %/,%,$(dir $^))
# environment
LC_TIME = pt_BR.UTF-8
# default
MAKE = $(MAKE_COMMAND)
# default
MAKECMDGOALS := all
# environment
QT_IM_MODULE = ibus
# environment
SHLVL = 0
# makefile (from 'Makefile', line 1)
CC = g++ -std=c++11
# environment
GNOME_SHELL_SESSION_MODE = ubuntu
# default
MAKE_VERSION := 4.2.1
# environment
USER = lume
# environment
LC_MONETARY = pt_BR.UTF-8
# makefile
.DEFAULT_GOAL := all
# environment
XDG_CURRENT_DESKTOP = Unity
# automatic
%D = $(patsubst %/,%,$(dir $%))
# environment
LC_TELEPHONE = pt_BR.UTF-8
# default
MAKE_COMMAND := make
# default
.VARIABLES := 
# automatic
*F = $(notdir $*)
# environment
VSCODE_IPC_HOOK = /run/user/1000/vscode-009dc151-1.69.2-main.sock
# environment
PYTHONPATH = /home/lume/carmen_lcad/src/neural_object_tracker/pedestrian_tracker:/home/lume/carmen_lcad/src/neural_object_detector3/pedestrian_tracker::/home/lume/carmen_lcad/src/voice_interface
# makefile
MAKEFLAGS = pqrR
# environment
MFLAGS = -pqrR
# automatic
*D = $(patsubst %/,%,$(dir $*))
# automatic
+D = $(patsubst %/,%,$(dir $+))
# environment
GDK_BACKEND = x11
# environment
LC_PAPER = pt_BR.UTF-8
# environment
QT_ACCESSIBILITY = 1
# environment
DEFAULTS_PATH = /usr/share/gconf/ubuntu.default.path
# default
MAKEFILES := 
# environment
LC_NUMERIC = pt_BR.UTF-8
# automatic
<F = $(notdir $<)
# environment
LC_MEASUREMENT = pt_BR.UTF-8
# environment
MACHINE = x86_64
# environment
LC_ALL = C
# environment
GJS_DEBUG_TOPICS = JS ERROR;JS LOG
# automatic
^F = $(notdir $^)
# makefile (from 'Makefile', line 18)
DEPS = $(wildcard *.h) $(wildcard *.hpp)
# default
SUFFIXES := 
# environment
MAEHOME = /home/lume/MAE
# environment
CHROME_DESKTOP = code-url-handler.desktop
# environment
WINDOWPATH = 2
# default
.INCLUDE_DIRS = /usr/include /usr/local/include /usr/include
# environment
LC_IDENTIFICATION = pt_BR.UTF-8
# environment
DERBY_HOME = /usr/lib/jvm/java-17-oracle/db
# default
.RECIPEPREFIX := 
# environment
LC_ADDRESS = pt_BR.UTF-8
# environment
LANG = C
# environment
VSCODE_PID = 4909
# variable set hash-table stats:
# Load=124/1024=12%, Rehash=0, Collisions=24/167=14%

# Pattern-specific Variable Values

# No pattern-specific variable values.

# Directories

# . (device 66311, inode 6296369): 24 files, no impossibilities.

# 24 files, no impossibilities in 1 directories.

# Implicit Rules

# No implicit rules.

# Files

all: detect_diamonds_zed clean
#  Command line target.
#  Implicit rule search has been done.
#  File does not exist.
#  File has been updated.
#  Needs to be updated (-q is set).
# variable set hash-table stats:
# Load=0/32=0%, Rehash=0, Collisions=0/3=0%

# Not a target:
.SUFFIXES:
#  Implicit rule search has not been done.
#  Modification time never checked.
#  File has not been updated.

# Not a target:
Makefile:
#  Implicit rule search has been done.
#  Last modified 2022-08-18 16:01:17.932870111
#  File has been updated.
#  Successfully updated.

detect_diamonds_zed: detect_diamonds_zed.cpp dict_4x4.hpp utils_aruco.hpp utils_zed.hpp
#  Implicit rule search has not been done.
#  Implicit/static pattern stem: 'detect_diamonds_zed'
#  Last modified 2022-08-18 16:01:32.948578673
#  File has been updated.
#  Successfully updated.
#  recipe to execute (from 'Makefile', line 24):
	$(CC) $(CFLAGS) -o $@ $< $(CFLAGS) $(LDFLAGS)

# Not a target:
utils_aruco.hpp:
#  Implicit rule search has been done.
#  Last modified 2022-08-18 15:39:26.758284073
#  File has been updated.
#  Successfully updated.

# Not a target:
dict_4x4.hpp:
#  Implicit rule search has been done.
#  Last modified 2022-08-15 18:17:32.706020334
#  File has been updated.
#  Successfully updated.

# Not a target:
.DEFAULT:
#  Implicit rule search has not been done.
#  Modification time never checked.
#  File has not been updated.

clean:
#  Implicit rule search has not been done.
#  Implicit/static pattern stem: ''
#  File does not exist.
#  File has been updated.
#  Needs to be updated (-q is set).
# automatic
# @ := clean
# automatic
 
# % := 
# automatic
# * := 
# automatic
# + := 
# automatic
# | := 
# automatic
# < := 
# automatic
# ^ := 
# automatic
# ? := 
# variable set hash-table stats:
# Load=8/32=25%, Rehash=0, Collisions=1/11=9%
#  recipe to execute (from 'Makefile', line 27):
	rm -f *.o

# Not a target:
utils_zed.hpp:
#  Implicit rule search has been done.
#  Last modified 2022-08-18 14:15:58.59740654
#  File has been updated.
#  Successfully updated.

# Not a target:
detect_diamonds_zed.cpp:
#  Implicit rule search has been done.
#  Last modified 2022-08-18 16:00:57.589283416
#  File has been updated.
#  Successfully updated.

# files hash-table stats:
# Load=10/1024=1%, Rehash=0, Collisions=0/30=0%
# VPATH Search Paths

# No 'vpath' search paths.

# No general ('VPATH' variable) search path.

# strcache buffers: 1 (0) / strings = 32 / storage = 398 B / avg = 12 B
# current buf: size = 8162 B / used = 398 B / count = 32 / avg = 12 B

# strcache performance: lookups = 49 / hit rate = 34%
# hash-table stats:
# Load=32/8192=0%, Rehash=0, Collisions=3/49=6%
# Finished Make data base on Thu Aug 18 16:02:10 2022

 
